dh-make-perl
libssl-dev
libconfig-std-perl
libtemplate-perl
libtest-exception-perl
build-essential
libmodule-build-perl
libmodule-build-tiny-perl
libclass-factory-perl
libclass-tiny-perl
libconfig-any-perl
libconfig-gitlike-perl
libconvert-asn1-perl
libdata-page-perl
libdata-stream-bulk-perl
libdata-uuid-perl
libdatetime-format-strptime-perl
libdatetime-perl
libexception-class-perl
libfile-find-rule-perl
libfile-slurp-perl
libio-digest-perl
libjson-pp-perl
liblog-dispatch-perl
liblog-log4perl-perl
libmath-round-perl
libmoose-perl
libmoosex-strictconstructor-perl
libmoosex-types-path-class-perl
libtry-tiny-perl
