perl-Pod-POM
perl-File-Slurp
perl-Sub-Exporter
perl-Text-Autoformat
perl-Text-Template
perl-List-MoreUtils
perl-AppConfig
perl-Readonly
perl-Readonly-XS
perl-Path-Class
perl-Template-Toolkit
libopenssl-devel
perl-Class-Accessor
perl-Class-Data-Inheritable
perl-Class-Singleton
perl-Class-Std
perl-Config-Std
perl-DateTime
perl-DateTime-Locale
perl-DateTime-TimeZone
perl-Devel-Symdump
perl-Log-Log4perl
perl-Net-IP
perl-Params-Validate
perl-Pod-Coverage
perl-Regexp-Common
perl-Sub-Uplevel
perl-Template-Toolkit
perl-TermReadKey
perl-Test-Exception
perl-Test-Pod
perl-Test-Pod-Coverage
perl-Text-Iconv
perl-TimeDate
perl-Tree-DAG_Node
perl-XML-NamespaceSupport
perl-XML-SAX
perl-ldap
perl-ldap-ssl
